<?xml version="1.0" encoding="UTF-8"?>
<!-- Generated by org.testng.reporters.JUnitReportReporter -->
<testsuite skipped="0" hostname="DESKTOP-KDKBGFP" name="com.xcart.mobile.testsuits.TestSuite" tests="1" failures="0" timestamp="2021-06-14T13:59:22 BST" time="20.001" errors="0">
  <testcase name="test1" time="20.001" classname="com.xcart.mobile.testsuits.TestSuite"/>
  <system-out/>
</testsuite> <!-- com.xcart.mobile.testsuits.TestSuite -->
