<?xml version="1.0" encoding="UTF-8"?>
<!-- Generated by org.testng.reporters.JUnitReportReporter -->
<testsuite skipped="0" hostname="DESKTOP-KDKBGFP" name="com.xcart.mobile.AppTest" tests="1" failures="0" timestamp="2021-06-14T13:59:22 BST" time="0.009" errors="0">
  <testcase name="shouldAnswerWithTrue" time="0.009" classname="com.xcart.mobile.AppTest"/>
  <system-out/>
</testsuite> <!-- com.xcart.mobile.AppTest -->
